Build started 7/27/2016 11:47:09 AM.
     1>Project "D:\ngontaylua\Manager\TheFirst\TheFirst.vcxproj" on node 2 (ClCompile target(s)).
     1>ClCompile:
         D:\Program Files (x86)\Microsoft Visual Studio 12.0\VC\bin\CL.exe /c /ZI /nologo /W3 /WX- /sdl /Od /Oy- /D WIN32 /D _DEBUG /D _CONSOLE /D _LIB /D _UNICODE /D UNICODE /Gm /EHsc /RTC1 /MDd /GS /fp:precise /Zc:wchar_t /Zc:forScope /Fo"Debug\\" /Fd"Debug\vc120.pdb" /Gd /TP /analyze- /errorReport:prompt Source.cpp
         Source.cpp
     1>d:\ngontaylua\manager\thefirst\source.cpp(38): error C2511: 'Saler::Saler(int,char *[],NgaySinh,char *[])' : overloaded member function not found in 'Saler'
                 d:\ngontaylua\manager\thefirst\source.h(23) : see declaration of 'Saler'
     1>d:\ngontaylua\manager\thefirst\source.cpp(39): error C2597: illegal reference to non-static member 'Saler::_id'
     1>d:\ngontaylua\manager\thefirst\source.cpp(40): error C2597: illegal reference to non-static member 'Saler::_name'
     1>d:\ngontaylua\manager\thefirst\source.cpp(40): error C3867: 'Saler::_name': function call missing argument list; use '&Saler::_name' to create a pointer to member
     1>d:\ngontaylua\manager\thefirst\source.cpp(40): error C2109: subscript requires array or pointer type
     1>d:\ngontaylua\manager\thefirst\source.cpp(41): error C2597: illegal reference to non-static member 'Saler::_ngaysinh'
     1>d:\ngontaylua\manager\thefirst\source.cpp(42): error C2597: illegal reference to non-static member 'Saler::_sex'
     1>d:\ngontaylua\manager\thefirst\source.cpp(42): error C3867: 'Saler::_sex': function call missing argument list; use '&Saler::_sex' to create a pointer to member
     1>d:\ngontaylua\manager\thefirst\source.cpp(42): error C2109: subscript requires array or pointer type
     1>Done Building Project "D:\ngontaylua\Manager\TheFirst\TheFirst.vcxproj" (ClCompile target(s)) -- FAILED.

Build FAILED.

Time Elapsed 00:00:00.44
